<?xml version="1.0" encoding="UTF-8"?>
<!-- Generated by org.testng.reporters.JUnitXMLReporter -->
<testsuite hostname="JCB-MacBook-Pro.local" ignored="5" tests="1" failures="0" timestamp="30 Mar 2020 01:11:19 GMT" time="0.385" errors="0">
  <testcase name="deleteIsSuccessful" time="0.379" classname="DeleteAndPost"/>
  <testcase name="createOrder200" time="0.0" classname="DeleteAndPost">
    <ignored/>
  </testcase> <!-- createOrder200 -->
  <testcase name="deleteInvalidIDSupplied" time="0.0" classname="DeleteAndPost">
    <ignored/>
  </testcase> <!-- deleteInvalidIDSupplied -->
  <testcase name="createInvalidOrder400" time="0.0" classname="DeleteAndPost">
    <ignored/>
  </testcase> <!-- createInvalidOrder400 -->
  <testcase name="createOrder500" time="0.0" classname="DeleteAndPost">
    <ignored/>
  </testcase> <!-- createOrder500 -->
  <testcase name="deleteOrderNotFound" time="0.0" classname="DeleteAndPost">
    <ignored/>
  </testcase> <!-- deleteOrderNotFound -->
</testsuite>
