<?xml version="1.0" encoding="UTF-8"?>
<!-- Generated by org.testng.reporters.JUnitXMLReporter -->
<testsuite hostname="JCB-MacBook-Pro.local" ignored="4" tests="3" failures="0" timestamp="30 Mar 2020 01:11:14 GMT" time="1.306" errors="0">
  <testcase name="inventoryReturns200" time="0.351" classname="Get200"/>
  <testcase name="searchOrderByID200" time="0.366" classname="Get200"/>
  <testcase name="returnsCorrectOrderBodyResponse" time="0.577" classname="BodyTest"/>
  <testcase name="notFoundMessageIsCorrect" time="0.0" classname="BodyTest">
    <ignored/>
  </testcase> <!-- notFoundMessageIsCorrect -->
  <testcase name="invalidIDSuppliedMessageIsCorrect" time="0.0" classname="BodyTest">
    <ignored/>
  </testcase> <!-- invalidIDSuppliedMessageIsCorrect -->
  <testcase name="deleteInvalidIDMessageIsCorrect" time="0.0" classname="BodyTest">
    <ignored/>
  </testcase> <!-- deleteInvalidIDMessageIsCorrect -->
  <testcase name="deleteNotFoundMessageIsCorrect" time="0.0" classname="BodyTest">
    <ignored/>
  </testcase> <!-- deleteNotFoundMessageIsCorrect -->
</testsuite>
