<?xml version="1.0" encoding="UTF-8"?>
<!-- Generated by org.testng.reporters.JUnitXMLReporter -->
<testsuite hostname="JCB-MacBook-Pro.local" ignored="0" tests="7" failures="0" timestamp="30 Mar 2020 01:11:36 GMT" time="4.017" errors="0">
  <testcase name="contentTypeIsJson" time="0.345" classname="ResponseHeaders"/>
  <testcase name="contentTypeIsJson" time="1.531" classname="ResponseHeaders"/>
  <testcase name="serverIsJetty" time="0.405" classname="ResponseHeaders"/>
  <testcase name="serverIsJetty" time="0.457" classname="ResponseHeaders"/>
  <testcase name="dateIsPresent" time="0.424" classname="ResponseHeaders"/>
  <testcase name="dateIsPresent" time="0.429" classname="ResponseHeaders"/>
  <testcase name="optionsReturnsCorrectMethodsList" time="0.407" classname="Options204"/>
</testsuite>
